<?xml version="1.0" encoding="UTF-8"?>
<!-- Generated by org.testng.reporters.JUnitXMLReporter -->
<testsuite ignored="0" hostname="dell" failures="0" tests="5" name="car" time="77.446" errors="0" timestamp="2024-03-13T15:12:08 IST">
  <testcase classname="testScript.ToRunRenault" name="Renault" time="18.934"/>
  <testcase classname="testScript.ToRunHyundai" name="Amul" time="40.57"/>
  <testcase classname="testScript.ToRunHonda" name="honda" time="44.937"/>
  <testcase classname="testScript.ToRunToyoto" name="toyoto" time="53.461"/>
  <testcase classname="testScript.ToRunkia" name="kia" time="77.431"/>
</testsuite> <!-- car -->
