<?xml version="1.0" encoding="UTF-8"?>
<!-- Generated by org.testng.reporters.JUnitXMLReporter -->
<testsuite ignored="0" hostname="dell" failures="0" tests="5" name="food" time="112.519" errors="0" timestamp="2024-03-13T15:10:50 IST">
  <testcase classname="testScript.ToRunAmul" name="Amul" time="56.388"/>
  <testcase classname="testScript.ToRuncadbury" name="cadbury" time="60.815"/>
  <testcase classname="testScript.ToRunSnickers" name="snickers" time="65.995"/>
  <testcase classname="testScript.ToRunNestle" name="Nestle" time="73.753"/>
  <testcase classname="testScript.ToRunHersheys" name="hersheys" time="112.448"/>
</testsuite> <!-- food -->
