<?xml version="1.0" encoding="UTF-8"?>
<!-- Generated by org.testng.reporters.JUnitXMLReporter -->
<testsuite ignored="5" hostname="dell" failures="0" tests="5" name="Test" time="234.657" errors="0" timestamp="2024-03-11T15:57:29 IST">
  <testcase classname="testScript.ToRuncadbury" name="cadbury" time="109.546"/>
  <testcase classname="testScript.ToRunHersheys" name="hersheys" time="50.986"/>
  <testcase classname="testScript.ToRunAmul" name="Amul" time="25.671"/>
  <testcase classname="testScript.ToRunNestle" name="Nestle" time="32.873"/>
  <testcase classname="testScript.ToRunSnickers" name="snickers" time="15.469"/>
  <testcase classname="testScript.ToRunHyundai" name="Amul" time="0.0">
    <ignored/>
  </testcase> <!-- Amul -->
  <testcase classname="testScript.ToRunHonda" name="honda" time="0.0">
    <ignored/>
  </testcase> <!-- honda -->
  <testcase classname="testScript.ToRunkia" name="kia" time="0.0">
    <ignored/>
  </testcase> <!-- kia -->
  <testcase classname="testScript.ToRunToyoto" name="toyoto" time="0.0">
    <ignored/>
  </testcase> <!-- toyoto -->
  <testcase classname="testScript.ToRunRenault" name="Renault" time="0.0">
    <ignored/>
  </testcase> <!-- Renault -->
</testsuite> <!-- Test -->
